{"/home/tong/Downloads/API-main/controllers/brance.controller.js": {"path":"/home/tong/Downloads/API-main/controllers/brance.controller.js","statementMap":{"0":{"start":{"line":2,"column":14},"end":{"line":2,"column":45}},"1":{"start":{"line":6,"column":0},"end":{"line":25,"column":1}},"2":{"start":{"line":8,"column":4},"end":{"line":24,"column":5}},"3":{"start":{"line":9,"column":59},"end":{"line":9,"column":67}},"4":{"start":{"line":11,"column":8},"end":{"line":20,"column":11}},"5":{"start":{"line":14,"column":12},"end":{"line":19,"column":13}},"6":{"start":{"line":15,"column":16},"end":{"line":15,"column":60}},"7":{"start":{"line":18,"column":16},"end":{"line":18,"column":32}},"8":{"start":{"line":22,"column":8},"end":{"line":22,"column":26}},"9":{"start":{"line":23,"column":8},"end":{"line":23,"column":67}},"10":{"start":{"line":29,"column":0},"end":{"line":46,"column":1}},"11":{"start":{"line":31,"column":4},"end":{"line":44,"column":5}},"12":{"start":{"line":32,"column":8},"end":{"line":40,"column":10}},"13":{"start":{"line":34,"column":12},"end":{"line":39,"column":13}},"14":{"start":{"line":35,"column":16},"end":{"line":35,"column":59}},"15":{"start":{"line":38,"column":16},"end":{"line":38,"column":32}},"16":{"start":{"line":42,"column":8},"end":{"line":42,"column":26}},"17":{"start":{"line":43,"column":8},"end":{"line":43,"column":67}},"18":{"start":{"line":49,"column":0},"end":{"line":68,"column":1}},"19":{"start":{"line":51,"column":4},"end":{"line":67,"column":5}},"20":{"start":{"line":52,"column":70},"end":{"line":52,"column":78}},"21":{"start":{"line":53,"column":20},"end":{"line":63,"column":14}},"22":{"start":{"line":57,"column":16},"end":{"line":62,"column":17}},"23":{"start":{"line":58,"column":20},"end":{"line":58,"column":43}},"24":{"start":{"line":61,"column":20},"end":{"line":61,"column":78}},"25":{"start":{"line":65,"column":8},"end":{"line":65,"column":26}},"26":{"start":{"line":66,"column":8},"end":{"line":66,"column":67}},"27":{"start":{"line":72,"column":0},"end":{"line":94,"column":1}},"28":{"start":{"line":74,"column":4},"end":{"line":93,"column":5}},"29":{"start":{"line":75,"column":26},"end":{"line":75,"column":46}},"30":{"start":{"line":77,"column":8},"end":{"line":79,"column":9}},"31":{"start":{"line":78,"column":12},"end":{"line":78,"column":93}},"32":{"start":{"line":81,"column":8},"end":{"line":89,"column":10}},"33":{"start":{"line":83,"column":12},"end":{"line":88,"column":13}},"34":{"start":{"line":84,"column":16},"end":{"line":84,"column":59}},"35":{"start":{"line":87,"column":16},"end":{"line":87,"column":32}},"36":{"start":{"line":91,"column":8},"end":{"line":91,"column":26}},"37":{"start":{"line":92,"column":8},"end":{"line":92,"column":67}}},"fnMap":{"0":{"name":"(anonymous_0)","decl":{"start":{"line":6,"column":23},"end":{"line":6,"column":24}},"loc":{"start":{"line":6,"column":37},"end":{"line":25,"column":1}},"line":6},"1":{"name":"(anonymous_1)","decl":{"start":{"line":12,"column":68},"end":{"line":12,"column":69}},"loc":{"start":{"line":12,"column":87},"end":{"line":20,"column":9}},"line":12},"2":{"name":"(anonymous_2)","decl":{"start":{"line":29,"column":20},"end":{"line":29,"column":21}},"loc":{"start":{"line":29,"column":34},"end":{"line":46,"column":1}},"line":29},"3":{"name":"(anonymous_3)","decl":{"start":{"line":32,"column":46},"end":{"line":32,"column":47}},"loc":{"start":{"line":32,"column":65},"end":{"line":40,"column":9}},"line":32},"4":{"name":"(anonymous_4)","decl":{"start":{"line":49,"column":23},"end":{"line":49,"column":24}},"loc":{"start":{"line":49,"column":37},"end":{"line":68,"column":1}},"line":49},"5":{"name":"(anonymous_5)","decl":{"start":{"line":55,"column":67},"end":{"line":55,"column":68}},"loc":{"start":{"line":55,"column":86},"end":{"line":63,"column":13}},"line":55},"6":{"name":"(anonymous_6)","decl":{"start":{"line":72,"column":23},"end":{"line":72,"column":24}},"loc":{"start":{"line":72,"column":37},"end":{"line":94,"column":1}},"line":72},"7":{"name":"(anonymous_7)","decl":{"start":{"line":81,"column":77},"end":{"line":81,"column":78}},"loc":{"start":{"line":81,"column":96},"end":{"line":89,"column":9}},"line":81}},"branchMap":{"0":{"loc":{"start":{"line":14,"column":12},"end":{"line":19,"column":13}},"type":"if","locations":[{"start":{"line":14,"column":12},"end":{"line":19,"column":13}},{"start":{"line":14,"column":12},"end":{"line":19,"column":13}}],"line":14},"1":{"loc":{"start":{"line":34,"column":12},"end":{"line":39,"column":13}},"type":"if","locations":[{"start":{"line":34,"column":12},"end":{"line":39,"column":13}},{"start":{"line":34,"column":12},"end":{"line":39,"column":13}}],"line":34},"2":{"loc":{"start":{"line":57,"column":16},"end":{"line":62,"column":17}},"type":"if","locations":[{"start":{"line":57,"column":16},"end":{"line":62,"column":17}},{"start":{"line":57,"column":16},"end":{"line":62,"column":17}}],"line":57},"3":{"loc":{"start":{"line":77,"column":8},"end":{"line":79,"column":9}},"type":"if","locations":[{"start":{"line":77,"column":8},"end":{"line":79,"column":9}},{"start":{"line":77,"column":8},"end":{"line":79,"column":9}}],"line":77},"4":{"loc":{"start":{"line":83,"column":12},"end":{"line":88,"column":13}},"type":"if","locations":[{"start":{"line":83,"column":12},"end":{"line":88,"column":13}},{"start":{"line":83,"column":12},"end":{"line":88,"column":13}}],"line":83}},"s":{"0":1,"1":1,"2":0,"3":0,"4":0,"5":0,"6":0,"7":0,"8":0,"9":0,"10":1,"11":1,"12":1,"13":0,"14":0,"15":0,"16":0,"17":0,"18":1,"19":0,"20":0,"21":0,"22":0,"23":0,"24":0,"25":0,"26":0,"27":1,"28":0,"29":0,"30":0,"31":0,"32":0,"33":0,"34":0,"35":0,"36":0,"37":0},"f":{"0":0,"1":0,"2":1,"3":0,"4":0,"5":0,"6":0,"7":0},"b":{"0":[0,0],"1":[0,0],"2":[0,0],"3":[0,0],"4":[0,0]},"_coverageSchema":"1a1c01bbd47fc00a2c39e90264f33305004495a9","hash":"926d8373460580a6bb18aca6c46dc867773df507"}
,"/home/tong/Downloads/API-main/dbconfig/dbconfig.js": {"path":"/home/tong/Downloads/API-main/dbconfig/dbconfig.js","statementMap":{"0":{"start":{"line":2,"column":14},"end":{"line":2,"column":30}},"1":{"start":{"line":4,"column":14},"end":{"line":9,"column":2}},"2":{"start":{"line":11,"column":0},"end":{"line":11,"column":23}}},"fnMap":{},"branchMap":{},"s":{"0":1,"1":1,"2":1},"f":{},"b":{},"_coverageSchema":"1a1c01bbd47fc00a2c39e90264f33305004495a9","hash":"0170bc6bea89be9ea4ddc90a7a16ca1586022cf0"}
}
