TN:
SF:controllers/brance.controller.js
FN:6,(anonymous_0)
FN:12,(anonymous_1)
FN:29,(anonymous_2)
FN:32,(anonymous_3)
FN:49,(anonymous_4)
FN:55,(anonymous_5)
FN:72,(anonymous_6)
FN:81,(anonymous_7)
FNF:8
FNH:1
FNDA:0,(anonymous_0)
FNDA:0,(anonymous_1)
FNDA:1,(anonymous_2)
FNDA:0,(anonymous_3)
FNDA:0,(anonymous_4)
FNDA:0,(anonymous_5)
FNDA:0,(anonymous_6)
FNDA:0,(anonymous_7)
DA:2,1
DA:6,1
DA:8,0
DA:9,0
DA:11,0
DA:14,0
DA:15,0
DA:18,0
DA:22,0
DA:23,0
DA:29,1
DA:31,1
DA:32,1
DA:34,0
DA:35,0
DA:38,0
DA:42,0
DA:43,0
DA:49,1
DA:51,0
DA:52,0
DA:53,0
DA:57,0
DA:58,0
DA:61,0
DA:65,0
DA:66,0
DA:72,1
DA:74,0
DA:75,0
DA:77,0
DA:78,0
DA:81,0
DA:83,0
DA:84,0
DA:87,0
DA:91,0
DA:92,0
LF:38
LH:7
BRDA:14,0,0,0
BRDA:14,0,1,0
BRDA:34,1,0,0
BRDA:34,1,1,0
BRDA:57,2,0,0
BRDA:57,2,1,0
BRDA:77,3,0,0
BRDA:77,3,1,0
BRDA:83,4,0,0
BRDA:83,4,1,0
BRF:10
BRH:0
end_of_record
TN:
SF:dbconfig/dbconfig.js
FNF:0
FNH:0
DA:2,1
DA:4,1
DA:11,1
LF:3
LH:3
BRF:0
BRH:0
end_of_record
